<?xml version="1.0" encoding="UTF-8"?>
<!-- Generated by org.testng.reporters.JUnitReportReporter -->
<testsuite hostname="LAPTOP-LMBR2C4C" failures="0" tests="2" name="runner.TestRunner" time="3.053" errors="0" timestamp="2023-05-15T18:15:49 BST" skipped="0">
  <testcase classname="runner.TestRunner" name="runScenario" time="0.288"/>
  <system-out/>
  <testcase classname="runner.TestRunner" name="runScenario" time="2.765"/>
  <system-out/>
</testsuite> <!-- runner.TestRunner -->
